<?xml version='1.0' encoding='UTF-8'?>
<testsuite hostname="Stuarts-MacBook-Pro.local" name="TodoRouterListSpec" tests="4" errors="0" failures="0" skipped="0" time="0.535" timestamp="2019-03-31T13:49:58">
                     <properties>
[...]
</properties>
                     <testcase classname="TodoRouterListSpec" name="TodoRouter should return all the todos" time="0.507">
                                                 
                                               </testcase><testcase classname="TodoRouterListSpec" name="TodoRouter should return all the pending todos" time="0.013">
                                                 
                                               </testcase><testcase classname="TodoRouterListSpec" name="TodoRouter should return all the done todos" time="0.012">
                                                 
                                               </testcase><testcase classname="TodoRouterListSpec" name="TodoRouter should handle repository failure in todos route" time="0.003">
                                                 
                                               </testcase>
                     <system-out><![CDATA[]]></system-out>
                     <system-err><![CDATA[]]></system-err>
                   </testsuite>